Arguments: 
  /home/gitpod/.nvm/versions/node/v16.13.2/bin/node /home/gitpod/.nvm/versions/node/v16.13.2/bin/yarn add @openzeppelin/contracts/token

PATH: 
  /home/gitpod/.pyenv/plugins/pyenv-virtualenv/shims:/home/gitpod/.nix-profile/bin:/ide/bin/remote-cli:/home/gitpod/.nix-profile/bin:/home/gitpod/.pyenv/plugins/pyenv-virtualenv/shims:/home/gitpod/.nix-profile/bin:/home/gitpod/.nix-profile/bin:/home/gitpod/.sdkman/candidates/maven/current/bin:/home/gitpod/.sdkman/candidates/java/current/bin:/home/gitpod/.sdkman/candidates/gradle/current/bin:/home/gitpod/.rvm/gems/ruby-2.7.5/bin:/home/gitpod/.rvm/gems/ruby-2.7.5@global/bin:/home/gitpod/.rvm/rubies/ruby-2.7.5/bin:/home/gitpod/.pyenv/plugins/pyenv-virtualenv/shims:/home/gitpod/.nix-profile/bin:/ide/bin/remote-cli:/usr/bin:/usr/local/bin:/home/gitpod/.pyenv/shims:/home/gitpod/go-packages/bin:/sbin:/workspace/.rvm/bin:/home/gitpod/.cargo/bin:/home/linuxbrew/.linuxbrew/sbin/:/home/gitpod/.nvm/versions/node/v16.13.2/bin:/usr/sbin:/workspace/.pip-modules/bin:/home/linuxbrew/.linuxbrew/bin:/home/gitpod/go/bin:/workspace/.cargo/bin:/usr/local/sbin:/home/gitpod/.pyenv/bin:/bin:/workspace/go/bin:/usr/local/sbin:/usr/local/bin:/usr/sbin:/usr/bin:/sbin:/bin:/home/gitpod/.nvm/versions/node/v16.13.2/bin:/home/gitpod/.rvm/bin:/home/gitpod/.nvm/versions/node/v16.13.2/bin:/home/gitpod/.nvm/versions/node/v16.13.2/bin:/home/gitpod/.nvm/versions/node/v16.13.2/bin

Yarn version: 
  1.22.17

Node version: 
  16.13.2

Platform: 
  linux x64

Trace: 
  Error: https://registry.yarnpkg.com/@openzeppelin%2fcontracts/token: Request "https://registry.yarnpkg.com/@openzeppelin%2fcontracts/token" returned a 405
      at Request.params.callback [as _callback] (/home/gitpod/.nvm/versions/node/v16.13.2/lib/node_modules/yarn/lib/cli.js:67038:18)
      at Request.self.callback (/home/gitpod/.nvm/versions/node/v16.13.2/lib/node_modules/yarn/lib/cli.js:140883:22)
      at Request.emit (node:events:390:28)
      at Request.<anonymous> (/home/gitpod/.nvm/versions/node/v16.13.2/lib/node_modules/yarn/lib/cli.js:141855:10)
      at Request.emit (node:events:390:28)
      at IncomingMessage.<anonymous> (/home/gitpod/.nvm/versions/node/v16.13.2/lib/node_modules/yarn/lib/cli.js:141777:12)
      at Object.onceWrapper (node:events:509:28)
      at IncomingMessage.emit (node:events:402:35)
      at endReadableNT (node:internal/streams/readable:1343:12)
      at processTicksAndRejections (node:internal/process/task_queues:83:21)

npm manifest: 
  {
    "dependencies": {
      "@openzeppelin/contracts": "^4.5.0"
    }
  }

yarn manifest: 
  No manifest

Lockfile: 
  # THIS IS AN AUTOGENERATED FILE. DO NOT EDIT THIS FILE DIRECTLY.
  # yarn lockfile v1
  
  
  "@openzeppelin/contracts@^4.5.0":
    version "4.5.0"
    resolved "https://registry.yarnpkg.com/@openzeppelin/contracts/-/contracts-4.5.0.tgz#3fd75d57de172b3743cdfc1206883f56430409cc"
    integrity sha512-fdkzKPYMjrRiPK6K4y64e6GzULR7R7RwxSigHS8DDp7aWDeoReqsQI+cxHV1UuhAqX69L1lAaWDxenfP+xiqzA==
